<?xml version="1.0" encoding="UTF-8"?>
<testsuite name="br.com.dio.desafioreactor.Question2Test" tests="2" skipped="0" failures="0" errors="0" timestamp="2025-01-26T13:56:30" hostname="PEDROSOARES" time="0.505">
  <properties/>
  <testcase name="hasXAdmins()" classname="br.com.dio.desafioreactor.Question2Test" time="0.424"/>
  <testcase name="hasNoAdmin()" classname="br.com.dio.desafioreactor.Question2Test" time="0.074"/>
  <system-out><![CDATA[]]></system-out>
  <system-err><![CDATA[]]></system-err>
</testsuite>
